Removed Pin From Net: NetName=+3.3V Pin=R31-1
Removed Pin From Net: NetName=GND Pin=R32-2
Removed Pin From Net: NetName=+3.3V Pin=R33-1
Removed Pin From Net: NetName=GND Pin=R34-2
Removed Member From Class: ClassName=MCU Member=R31
Removed Member From Class: ClassName=MCU Member=R32
Removed Member From Class: ClassName=MCU Member=R33
Removed Member From Class: ClassName=MCU Member=R34
Change Component Footprint: Designator=P1 Old Footprint=MY_FE16 New Footprint=MY_FE14
Change Component Comment : Designator=P1 Old Comment=Header 16 New Comment=Header 14
Change component parameters: Designator = "P1" ("P1"); Footprint = "MY_FE16"; UniqueID = "\NBGRIKUK" ("\NBGRIKUK")
Change component parameters (AddParameter): Name = "ASiD Part Number"; Value = "Header 14-AS"; VariantName = "[No Variations]"
Added Pin To Net: NetName=PB12 Pin=P2-1
Added Pin To Net: NetName=PB11 Pin=P2-2
Added Pin To Net: NetName=PB10 Pin=P2-3
Added Pin To Net: NetName=PB2 Pin=P2-4
Added Pin To Net: NetName=PB1 Pin=P2-5
Added Pin To Net: NetName=PB0 Pin=P2-6
Added Pin To Net: NetName=PA7 Pin=P2-7
Added Pin To Net: NetName=PA6 Pin=P2-8
Added Pin To Net: NetName=PA5 Pin=P2-9
Added Pin To Net: NetName=PA4 Pin=P2-10
Added Pin To Net: NetName=PA3 Pin=P2-11
Added Pin To Net: NetName=PA2 Pin=P2-12
Added Pin To Net: NetName=PA1 Pin=P2-13
Added Pin To Net: NetName=PA0 Pin=P2-14
Added Pin To Net: NetName=PB9 Pin=P2-15
Added Pin To Net: NetName=PB8 Pin=P2-16
Added Pin To Net: NetName=PB12 Pin=R35-2
Added Pin To Net: NetName=PB12 Pin=R36-1
Added Pin To Net: NetName=PB11 Pin=R37-2
Added Pin To Net: NetName=PB11 Pin=R38-1
Added Pin To Net: NetName=PB10 Pin=R39-2
Added Pin To Net: NetName=PB10 Pin=R40-1
Added Pin To Net: NetName=PB2 Pin=R41-2
Added Pin To Net: NetName=PB2 Pin=R42-1
Added Pin To Net: NetName=PB1 Pin=R43-2
Added Pin To Net: NetName=PB1 Pin=R44-1
Added Pin To Net: NetName=PB0 Pin=R45-2
Added Pin To Net: NetName=PB0 Pin=R46-1
Added Pin To Net: NetName=PA7 Pin=R47-2
Added Pin To Net: NetName=PA7 Pin=R48-1
Added Pin To Net: NetName=PA6 Pin=R49-2
Added Pin To Net: NetName=PA6 Pin=R50-1
Added Pin To Net: NetName=PA5 Pin=R51-2
Added Pin To Net: NetName=PA5 Pin=R52-1
Added Pin To Net: NetName=PA4 Pin=R53-2
Added Pin To Net: NetName=PA4 Pin=R54-1
Added Pin To Net: NetName=PA3 Pin=R55-2
Added Pin To Net: NetName=PA3 Pin=R56-1
Added Pin To Net: NetName=PA2 Pin=R57-2
Added Pin To Net: NetName=PA2 Pin=R58-1
Added Pin To Net: NetName=PA1 Pin=R59-2
Added Pin To Net: NetName=PA1 Pin=R60-1
Added Pin To Net: NetName=PA0 Pin=R61-2
Added Pin To Net: NetName=PA0 Pin=R62-1
Added Pin To Net: NetName=PB9 Pin=R63-2
Added Pin To Net: NetName=PB9 Pin=R64-1
Added Pin To Net: NetName=PB8 Pin=R65-2
Added Pin To Net: NetName=PB8 Pin=R66-1
