Change Component Footprint: Designator=P2 Old Footprint=MY_FE14 New Footprint=MY_FE16
Change Component Comment : Designator=P2 Old Comment=Header 14 New Comment=Header 16
Change component parameters: Designator = "P2" ("P2"); Footprint = "MY_FE14"; UniqueID = "\BTYAFWQN" ("\BTYAFWQN")
Change component parameters (AddParameter): Name = "ASiD Part Number"; Value = "Header 16-AS"; VariantName = "[No Variations]"
Added Component: Designator=R63(MY_0805)
Add component (AddParameter): Name = "ASiD Part Number"; Value = "Res-AS"; VariantName = "[No Variations]"
Add component (AddParameter): Name = "Value"; Value = "1K"; VariantName = "[No Variations]"
Added Component: Designator=R64(MY_0805)
Add component (AddParameter): Name = "ASiD Part Number"; Value = "Res-AS"; VariantName = "[No Variations]"
Add component (AddParameter): Name = "Value"; Value = "1K"; VariantName = "[No Variations]"
Added Component: Designator=R65(MY_0805)
Add component (AddParameter): Name = "ASiD Part Number"; Value = "Res-AS"; VariantName = "[No Variations]"
Add component (AddParameter): Name = "Value"; Value = "1K"; VariantName = "[No Variations]"
Added Component: Designator=R66(MY_0805)
Add component (AddParameter): Name = "ASiD Part Number"; Value = "Res-AS"; VariantName = "[No Variations]"
Add component (AddParameter): Name = "Value"; Value = "1K"; VariantName = "[No Variations]"
Added Pin To Net: NetName=+3.3V Pin=R63-1
Added Pin To Net: NetName=GND Pin=R64-2
Added Pin To Net: NetName=+3.3V Pin=R65-1
Added Pin To Net: NetName=GND Pin=R66-2
Added Pin To Net: NetName=NetR63_2 Pin=R63-2
Added Pin To Net: NetName=NetR63_2 Pin=R64-1
Added Net: Name=NetR63_2
Added Pin To Net: NetName=NetR65_2 Pin=R65-2
Added Pin To Net: NetName=NetR65_2 Pin=R66-1
Added Net: Name=NetR65_2
Added Pin To Net: NetName=PA0 Pin=U2-23
Added Net: Name=PA0
Added Pin To Net: NetName=PA1 Pin=U2-24
Added Net: Name=PA1
Added Pin To Net: NetName=PA2 Pin=U2-25
Added Net: Name=PA2
Added Pin To Net: NetName=PA3 Pin=U2-26
Added Net: Name=PA3
Added Pin To Net: NetName=PA4 Pin=U2-29
Added Net: Name=PA4
Added Pin To Net: NetName=PA5 Pin=U2-30
Added Net: Name=PA5
Added Pin To Net: NetName=PA6 Pin=U2-31
Added Net: Name=PA6
Added Pin To Net: NetName=PA7 Pin=U2-32
Added Net: Name=PA7
Added Pin To Net: NetName=PA8 Pin=U2-67
Added Net: Name=PA8
Added Pin To Net: NetName=PA9 Pin=U2-68
Added Net: Name=PA9
Added Pin To Net: NetName=PA10 Pin=U2-69
Added Net: Name=PA10
Added Pin To Net: NetName=PA11 Pin=U2-70
Added Net: Name=PA11
Added Pin To Net: NetName=PA12 Pin=U2-71
Added Net: Name=PA12
Added Pin To Net: NetName=PA15 Pin=U2-77
Added Net: Name=PA15
Added Pin To Net: NetName=PB0 Pin=U2-35
Added Net: Name=PB0
Added Pin To Net: NetName=PB1 Pin=U2-36
Added Net: Name=PB1
Added Pin To Net: NetName=PB2 Pin=U2-37
Added Net: Name=PB2
Added Pin To Net: NetName=PB3 Pin=U2-89
Added Net: Name=PB3
Added Pin To Net: NetName=PB4 Pin=U2-90
Added Net: Name=PB4
Added Pin To Net: NetName=PB5 Pin=U2-91
Added Net: Name=PB5
Added Pin To Net: NetName=PB6 Pin=U2-92
Added Net: Name=PB6
Added Pin To Net: NetName=PB7 Pin=U2-93
Added Net: Name=PB7
Added Pin To Net: NetName=PB8 Pin=U2-95
Added Net: Name=PB8
Added Pin To Net: NetName=PB9 Pin=U2-96
Added Net: Name=PB9
Added Pin To Net: NetName=PB10 Pin=U2-47
Added Net: Name=PB10
Added Pin To Net: NetName=PB11 Pin=U2-48
Added Net: Name=PB11
Added Pin To Net: NetName=PB12 Pin=U2-51
Added Net: Name=PB12
Added Pin To Net: NetName=PB13 Pin=U2-52
Added Net: Name=PB13
Added Pin To Net: NetName=PB14 Pin=U2-53
Added Net: Name=PB14
Added Pin To Net: NetName=PB15 Pin=U2-54
Added Net: Name=PB15
Added Member To Class: ClassName=MCU Member=Component R63 1K
Added Member To Class: ClassName=MCU Member=Component R64 1K
Added Member To Class: ClassName=MCU Member=Component R65 1K
Added Member To Class: ClassName=MCU Member=Component R66 1K
